<?xml version="1.0" encoding="UTF-8"?>
<testng-results ignored="0" total="2" passed="2" failed="0" skipped="0">
  <reporter-output>
    <line>
      <![CDATA[Browser opened]]>
    </line>
    <line>
      <![CDATA[Browser opened]]>
    </line>
    <line>
      <![CDATA[Prod success]]>
    </line>
    <line>
      <![CDATA[TestCase 3 is success]]>
    </line>
    <line>
      <![CDATA[About to quit]]>
    </line>
    <line>
      <![CDATA[Successfully quit]]>
    </line>
    <line>
      <![CDATA[placeorder button success]]>
    </line>
    <line>
      <![CDATA[TestCase 1 is success]]>
    </line>
    <line>
      <![CDATA[About to quit]]>
    </line>
    <line>
      <![CDATA[Successfully quit]]>
    </line>
  </reporter-output>
  <suite started-at="2022-08-24T18:55:14 IST" name="Suite" finished-at="2022-08-24T18:56:21 IST" duration-ms="67045">
    <groups>
    </groups>
    <test started-at="2022-08-24T18:55:14 IST" name="Test" finished-at="2022-08-24T18:56:21 IST" duration-ms="67045">
      <class name="MyntraTestCases.Myntra3Test">
        <test-method is-config="true" signature="configBC()[pri:0, instance:MyntraTestCases.Myntra3Test@7133da86]" started-at="2022-08-24T18:55:14 IST" name="configBC" finished-at="2022-08-24T18:55:23 IST" duration-ms="9064" status="PASS">
          <reporter-output>
            <line>
              <![CDATA[Browser opened]]>
            </line>
          </reporter-output>
        </test-method> <!-- configBC -->
        <test-method signature="Myntra3TC()[pri:0, instance:MyntraTestCases.Myntra3Test@7133da86]" started-at="2022-08-24T18:55:23 IST" name="Myntra3TC" finished-at="2022-08-24T18:55:58 IST" duration-ms="34882" status="PASS">
          <reporter-output>
            <line>
              <![CDATA[TestCase 3 is success]]>
            </line>
          </reporter-output>
        </test-method> <!-- Myntra3TC -->
        <test-method is-config="true" signature="configAc()[pri:0, instance:MyntraTestCases.Myntra3Test@7133da86]" started-at="2022-08-24T18:55:58 IST" name="configAc" finished-at="2022-08-24T18:56:02 IST" duration-ms="4419" status="PASS">
          <reporter-output>
            <line>
              <![CDATA[About to quit]]>
            </line>
            <line>
              <![CDATA[Successfully quit]]>
            </line>
          </reporter-output>
        </test-method> <!-- configAc -->
      </class> <!-- MyntraTestCases.Myntra3Test -->
      <class name="MyntraTestCases.Myntra1Test">
        <test-method is-config="true" signature="configBC()[pri:0, instance:MyntraTestCases.Myntra1Test@2b91004a]" started-at="2022-08-24T18:55:14 IST" name="configBC" finished-at="2022-08-24T18:55:22 IST" duration-ms="8260" status="PASS">
          <reporter-output>
            <line>
              <![CDATA[Browser opened]]>
            </line>
          </reporter-output>
        </test-method> <!-- configBC -->
        <test-method signature="ScenarioTestCases()[pri:0, instance:MyntraTestCases.Myntra1Test@2b91004a]" started-at="2022-08-24T18:55:22 IST" name="ScenarioTestCases" finished-at="2022-08-24T18:56:16 IST" duration-ms="54116" status="PASS">
          <reporter-output>
            <line>
              <![CDATA[Prod success]]>
            </line>
            <line>
              <![CDATA[placeorder button success]]>
            </line>
            <line>
              <![CDATA[TestCase 1 is success]]>
            </line>
          </reporter-output>
        </test-method> <!-- ScenarioTestCases -->
        <test-method is-config="true" signature="configAc()[pri:0, instance:MyntraTestCases.Myntra1Test@2b91004a]" started-at="2022-08-24T18:56:16 IST" name="configAc" finished-at="2022-08-24T18:56:21 IST" duration-ms="4596" status="PASS">
          <reporter-output>
            <line>
              <![CDATA[About to quit]]>
            </line>
            <line>
              <![CDATA[Successfully quit]]>
            </line>
          </reporter-output>
        </test-method> <!-- configAc -->
      </class> <!-- MyntraTestCases.Myntra1Test -->
    </test> <!-- Test -->
  </suite> <!-- Suite -->
</testng-results>
