<?xml version="1.0" encoding="UTF-8"?>
<testng-results skipped="0" failed="0" ignored="0" total="1" passed="1">
  <reporter-output>
    <line>
      <![CDATA[Browser opened]]>
    </line>
    <line>
      <![CDATA[Enter the OTP]]>
    </line>
    <line>
      <![CDATA[TestCase 2 is success]]>
    </line>
    <line>
      <![CDATA[About to quit]]>
    </line>
    <line>
      <![CDATA[Successfully quit]]>
    </line>
  </reporter-output>
  <suite name="Default suite" duration-ms="102206" started-at="2022-09-01T16:20:46 IST" finished-at="2022-09-01T16:22:28 IST">
    <groups>
    </groups>
    <test name="Default test" duration-ms="102206" started-at="2022-09-01T16:20:46 IST" finished-at="2022-09-01T16:22:28 IST">
      <class name="MyntraTestCases.Myntra2Test">
        <test-method status="PASS" signature="configBC()[pri:0, instance:MyntraTestCases.Myntra2Test@954b04f]" name="configBC" is-config="true" duration-ms="4380" started-at="2022-09-01T16:20:46 IST" finished-at="2022-09-01T16:20:50 IST">
          <reporter-output>
            <line>
              <![CDATA[Browser opened]]>
            </line>
          </reporter-output>
        </test-method> <!-- configBC -->
        <test-method status="PASS" signature="Myntra2TC()[pri:0, instance:MyntraTestCases.Myntra2Test@954b04f]" name="Myntra2TC" duration-ms="95002" started-at="2022-09-01T16:20:50 IST" finished-at="2022-09-01T16:22:25 IST">
          <reporter-output>
            <line>
              <![CDATA[Enter the OTP]]>
            </line>
            <line>
              <![CDATA[TestCase 2 is success]]>
            </line>
          </reporter-output>
        </test-method> <!-- Myntra2TC -->
        <test-method status="PASS" signature="configAc()[pri:0, instance:MyntraTestCases.Myntra2Test@954b04f]" name="configAc" is-config="true" duration-ms="2784" started-at="2022-09-01T16:22:26 IST" finished-at="2022-09-01T16:22:28 IST">
          <reporter-output>
            <line>
              <![CDATA[About to quit]]>
            </line>
            <line>
              <![CDATA[Successfully quit]]>
            </line>
          </reporter-output>
        </test-method> <!-- configAc -->
      </class> <!-- MyntraTestCases.Myntra2Test -->
    </test> <!-- Default test -->
  </suite> <!-- Default suite -->
</testng-results>
